<?xml version="1.0" encoding="UTF-8"?>
<!-- Generated by org.testng.reporters.JUnitReportReporter -->
<testsuite hostname="HP250G7" failures="0" tests="1" name="com.Mgrant.TestCases.LoginTestCase" time="6.513" errors="0" timestamp="2020-08-27T22:57:14 IST" skipped="0">
  <testcase classname="com.Mgrant.TestCases.LoginTestCase" name="loginTest" time="6.513"/>
  <system-out/>
</testsuite> <!-- com.Mgrant.TestCases.LoginTestCase -->
